kwsmrksnsm is online!
command executed - roll
requested by 503794887318044675 aka SəbɚrStriḳe『セイバーストライク』#3185

command executed - roll
requested by 503794887318044675 aka SəbɚrStriḳe『セイバーストライク』#3185

command executed - roll
requested by 503794887318044675 aka SəbɚrStriḳe『セイバーストライク』#3185

command executed - force crash
requested by 503794887318044675 aka SəbɚrStriḳe『セイバーストライク』#3185

kwsmrksnsm is online!
command executed - roll
requested by 503794887318044675 aka SəbɚrStriḳe『セイバーストライク』#3185

kwsmrksnsm is online!
Fri Dec 17 2021 13:06:02 GMT+1000 (GMT+10:00)
command executed - test
requested by 503794887318044675 aka SəbɚrStriḳe『セイバーストライク』#3185

Fri Dec 17 2021 13:07:11 GMT+1000 (GMT+10:00)
kwsmrksnsm is online!
Fri Dec 17 2021 13:07:11 GMT+1000 (GMT+10:00)
command executed - test
requested by 503794887318044675 aka SəbɚrStriḳe『セイバーストライク』#3185

Fri Dec 17 2021 13:07:58 GMT+1000 (GMT+10:00)
kwsmrksnsm is online!

Fri Dec 17 2021 13:07:58 GMT+1000 (GMT+10:00)
command executed - test
requested by 503794887318044675 aka SəbɚrStriḳe『セイバーストライク』#3185

Fri Dec 17 2021 13:12:29 GMT+1000 (GMT+10:00)
kwsmrksnsm is online!

Fri Dec 17 2021 13:13:43 GMT+1000 (GMT+10:00)
kwsmrksnsm is online!

Fri Dec 17 2021 13:13:49 GMT+1000 (GMT+10:00)
command executed - avatar
requested by 503794887318044675 aka SəbɚrStriḳe『セイバーストライク』#3185
mentions - 1

Fri Dec 17 2021 13:14:58 GMT+1000 (GMT+10:00)
kwsmrksnsm is online!

[object Object]
command executed - avatar
requested by 503794887318044675 aka SəbɚrStriḳe『セイバーストライク』#3185
mentions - 1

Fri Dec 17 2021 13:15:45 GMT+1000 (GMT+10:00)
kwsmrksnsm is online!

undefined
command executed - avatar
requested by 503794887318044675 aka SəbɚrStriḳe『セイバーストライク』#3185
mentions - 1

Fri Dec 17 2021 13:16:28 GMT+1000 (GMT+10:00)
kwsmrksnsm is online!

Fri Dec 17 2021 13:16:28 GMT+1000 (GMT+10:00)
command executed - avatar
requested by 503794887318044675 aka SəbɚrStriḳe『セイバーストライク』#3185
mentions - 1

Fri Dec 17 2021 13:23:29 GMT+1000 (GMT+10:00)
kwsmrksnsm is online!

Fri Dec 17 2021 13:23:29 GMT+1000 (GMT+10:00)
command executed - yanderegen
requested by 503794887318044675 aka SəbɚrStriḳe『セイバーストライク』#3185
command failed - non NSFW channel

Fri Dec 17 2021 13:23:29 GMT+1000 (GMT+10:00)
command executed - yanderegen
requested by 503794887318044675 aka SəbɚrStriḳe『セイバーストライク』#3185
img id - 5545838

Fri Dec 17 2021 13:30:43 GMT+1000 (GMT+10:00)
kwsmrksnsm is online!

Fri Dec 17 2021 13:30:43 GMT+1000 (GMT+10:00)
command executed - roll
requested by 503794887318044675 aka SəbɚrStriḳe『セイバーストライク』#3185

Fri Dec 17 2021 13:30:43 GMT+1000 (GMT+10:00)
command executed - roll
requested by 342294143340380163 aka OniisanBaka#1087

